{"/Users/tatangdev/Workdir/Binar/KMSIB-6/day-to-day/chapter-5/02_testing/controllers/baseController.js": {"path":"/Users/tatangdev/Workdir/Binar/KMSIB-6/day-to-day/chapter-5/02_testing/controllers/baseController.js","all":false,"statementMap":{"0":{"start":{"line":1,"column":0},"end":{"line":1,"column":18}},"1":{"start":{"line":2,"column":0},"end":{"line":2,"column":26}},"2":{"start":{"line":3,"column":0},"end":{"line":3,"column":37}},"3":{"start":{"line":4,"column":0},"end":{"line":4,"column":25}},"4":{"start":{"line":5,"column":0},"end":{"line":5,"column":35}},"5":{"start":{"line":6,"column":0},"end":{"line":6,"column":11}},"6":{"start":{"line":7,"column":0},"end":{"line":7,"column":5}},"7":{"start":{"line":8,"column":0},"end":{"line":8,"column":2}}},"s":{"0":1,"1":1,"2":1,"3":1,"4":1,"5":1,"6":1,"7":1},"branchMap":{"0":{"type":"branch","line":2,"loc":{"start":{"line":2,"column":11},"end":{"line":7,"column":5}},"locations":[{"start":{"line":2,"column":11},"end":{"line":7,"column":5}}]}},"b":{"0":[1]},"fnMap":{"0":{"name":"index","decl":{"start":{"line":2,"column":11},"end":{"line":7,"column":5}},"loc":{"start":{"line":2,"column":11},"end":{"line":7,"column":5}},"line":2}},"f":{"0":1}}
}
